This file contains any messages produced by compilers while
running configure, to aid debugging if configure makes a mistake.

It was created by Ipopt configure trunk, which was
generated by GNU Autoconf 2.59.  Invocation command line was

  $ ../configure ADD_FFLAGS=-g -fopenmp ADD_CFLAGS=-g -fopenmp ADD_CXXFLAGS=-g -fopenmp --with-pardiso=-L/homes/junyi/Pardiso/ -lpardiso600-GNU720-X86-64 -lgomp

## --------- ##
## Platform. ##
## --------- ##

hostname = moonshot
uname -m = x86_64
uname -r = 3.13.0-170-generic
uname -s = Linux
uname -v = #220-Ubuntu SMP Thu May 9 12:40:49 UTC 2019

/usr/bin/uname -p = unknown
/bin/uname -X     = unknown

/bin/arch              = unknown
/usr/bin/arch -k       = unknown
/usr/convex/getsysinfo = unknown
hostinfo               = 
Usage: hostbase -q <field>=[=]<value> [and/or <field>=<value> [--long option]]
       hostbase -l <hostname>	 provides a quick glance at a host's configuration
       hostbase --showfields	shows all data fields
       hostbase --allhosts	lists all hosts in hostbase

    long options:
	 --fields f1 f2 ...	specifies the fields displayed from the queried hosts
	 --summary		prints out a predetermined set of fields for each host
				returned
	 --ping			uses fping to ping all queried hosts
	 --showfields		shows all data fields
/bin/machine           = unknown
/usr/bin/oslevel       = unknown
/bin/universe          = unknown

PATH: /homes/junyi
PATH: /homes/junyi/julia-1.1.1/bin
PATH: /soft/apps/packages/gcc/gcc-8.2.0/bin
PATH: /soft/apps/packages/climate/mpich/3.2/gcc-6.2.0/bin
PATH: /usr/lib/lightdm/lightdm
PATH: /usr/sbin
PATH: /usr/bin
PATH: /sbin
PATH: /bin
PATH: /usr/games
PATH: /mcs/bin
PATH: /usr/local/bin
PATH: /software/common/bin
PATH: /soft/apps/bin
PATH: /soft/gnu/bin
PATH: /soft/com/bin
PATH: /soft/adm/bin
PATH: /homes/junyi/bin/linux-Ubuntu_14.04-x86_64
PATH: /homes/junyi/bin
PATH: /soft/com/packages/MATLAB/R2016a/bin
PATH: /soft/apps/packages/cmake-3.12.4/bin
PATH: /soft/com/packages/intel/17/initial/bin
PATH: /homes/junyi/bin


## ----------- ##
## Core tests. ##
## ----------- ##

configure:1698: checking build system type
configure:1716: result: x86_64-unknown-linux-gnu
configure:1727: checking whether we want to compile in debug mode
configure:1756: result: no
configure:1972: checking for gcc
configure:1988: found /soft/apps/packages/gcc/gcc-8.2.0/bin/gcc
configure:1998: result: gcc
configure:2019: checking for C compiler version
configure:2022: gcc --version </dev/null >&5
gcc (GCC) 8.2.1 20180809
Copyright (C) 2018 Free Software Foundation, Inc.
This is free software; see the source for copying conditions.  There is NO
warranty; not even for MERCHANTABILITY or FITNESS FOR A PARTICULAR PURPOSE.

configure:2025: $? = 0
configure:2027: gcc -v </dev/null >&5
Using built-in specs.
COLLECT_GCC=gcc
COLLECT_LTO_WRAPPER=/nfs/software/linux-ubuntu_trusty_amd64/apps/packages/gcc/gcc-8.2.0/bin/../libexec/gcc/x86_64-pc-linux-gnu/8.2.1/lto-wrapper
Target: x86_64-pc-linux-gnu
Configured with: ../configure --prefix=/soft/apps/packages/gcc/gcc-8.2.0 --enable-languages=c,c++,fortran --enable-checking=release
Thread model: posix
gcc version 8.2.1 20180809 (GCC) 
configure:2030: $? = 0
configure:2032: gcc -V </dev/null >&5
gcc: error: unrecognized command line option '-V'
gcc: fatal error: no input files
compilation terminated.
configure:2035: $? = 1
configure:2058: checking for C compiler default output file name
configure:2061: gcc    conftest.c  >&5
configure:2064: $? = 0
configure:2110: result: a.out
configure:2115: checking whether the C compiler works
configure:2121: ./a.out
configure:2124: $? = 0
configure:2141: result: yes
configure:2148: checking whether we are cross compiling
configure:2150: result: no
configure:2153: checking for suffix of executables
configure:2155: gcc -o conftest    conftest.c  >&5
configure:2158: $? = 0
configure:2183: result: 
configure:2189: checking for suffix of object files
configure:2210: gcc -c   conftest.c >&5
configure:2213: $? = 0
configure:2235: result: o
configure:2239: checking whether we are using the GNU C compiler
configure:2263: gcc -c   conftest.c >&5
configure:2269: $? = 0
configure:2273: test -z 
			 || test ! -s conftest.err
configure:2276: $? = 0
configure:2279: test -s conftest.o
configure:2282: $? = 0
configure:2295: result: yes
configure:2301: checking whether gcc accepts -g
configure:2322: gcc -c -g  conftest.c >&5
configure:2328: $? = 0
configure:2332: test -z 
			 || test ! -s conftest.err
configure:2335: $? = 0
configure:2338: test -s conftest.o
configure:2341: $? = 0
configure:2352: result: yes
configure:2369: checking for gcc option to accept ANSI C
configure:2439: gcc  -c -g -O2  conftest.c >&5
configure:2445: $? = 0
configure:2449: test -z 
			 || test ! -s conftest.err
configure:2452: $? = 0
configure:2455: test -s conftest.o
configure:2458: $? = 0
configure:2476: result: none needed
configure:2494: gcc -c -g -O2  conftest.c >&5
conftest.c:2:3: error: unknown type name 'choke'
   choke me
   ^~~~~
conftest.c:2:3: error: expected '=', ',', ';', 'asm' or '__attribute__' at end of input
configure:2500: $? = 1
configure: failed program was:
| #ifndef __cplusplus
|   choke me
| #endif
configure:2921: gcc -o conftest -O3 -pipe -DNDEBUG -Wimplicit -Wparentheses -Wsequence-point -Wreturn-type -Wcast-qual -Wall -Wno-unknown-pragmas -Wno-long-long -g -fopenmp    conftest.c  >&5
configure:2927: $? = 0
configure:2931: test -z 
			 || test ! -s conftest.err
configure:2934: $? = 0
configure:2937: test -s conftest
configure:2940: $? = 0
configure:3007: C compiler options are: -O3 -pipe -DNDEBUG -Wimplicit -Wparentheses -Wsequence-point -Wreturn-type -Wcast-qual -Wall -Wno-unknown-pragmas -Wno-long-long -g -fopenmp 
configure:3124: checking for g++
configure:3140: found /soft/apps/packages/gcc/gcc-8.2.0/bin/g++
configure:3150: result: g++
configure:3166: checking for C++ compiler version
configure:3169: g++ --version </dev/null >&5
g++ (GCC) 8.2.1 20180809
Copyright (C) 2018 Free Software Foundation, Inc.
This is free software; see the source for copying conditions.  There is NO
warranty; not even for MERCHANTABILITY or FITNESS FOR A PARTICULAR PURPOSE.

configure:3172: $? = 0
configure:3174: g++ -v </dev/null >&5
Using built-in specs.
COLLECT_GCC=g++
COLLECT_LTO_WRAPPER=/nfs/software/linux-ubuntu_trusty_amd64/apps/packages/gcc/gcc-8.2.0/bin/../libexec/gcc/x86_64-pc-linux-gnu/8.2.1/lto-wrapper
Target: x86_64-pc-linux-gnu
Configured with: ../configure --prefix=/soft/apps/packages/gcc/gcc-8.2.0 --enable-languages=c,c++,fortran --enable-checking=release
Thread model: posix
gcc version 8.2.1 20180809 (GCC) 
configure:3177: $? = 0
configure:3179: g++ -V </dev/null >&5
g++: error: unrecognized command line option '-V'
g++: fatal error: no input files
compilation terminated.
configure:3182: $? = 1
configure:3185: checking whether we are using the GNU C++ compiler
configure:3209: g++ -c   conftest.cc >&5
configure:3215: $? = 0
configure:3219: test -z 
			 || test ! -s conftest.err
configure:3222: $? = 0
configure:3225: test -s conftest.o
configure:3228: $? = 0
configure:3241: result: yes
configure:3247: checking whether g++ accepts -g
configure:3268: g++ -c -g  conftest.cc >&5
configure:3274: $? = 0
configure:3278: test -z 
			 || test ! -s conftest.err
configure:3281: $? = 0
configure:3284: test -s conftest.o
configure:3287: $? = 0
configure:3298: result: yes
configure:3340: g++ -c -g -O2  conftest.cc >&5
configure:3346: $? = 0
configure:3350: test -z 
			 || test ! -s conftest.err
configure:3353: $? = 0
configure:3356: test -s conftest.o
configure:3359: $? = 0
configure:3385: g++ -c -g -O2  conftest.cc >&5
conftest.cc: In function 'int main()':
conftest.cc:13:1: error: 'exit' was not declared in this scope
 exit (42);
 ^~~~
configure:3391: $? = 1
configure: failed program was:
| /* confdefs.h.  */
| 
| #define PACKAGE_NAME "Ipopt"
| #define PACKAGE_TARNAME "ipopt"
| #define PACKAGE_VERSION "trunk"
| #define PACKAGE_STRING "Ipopt trunk"
| #define PACKAGE_BUGREPORT "http://projects.coin-or.org/Ipopt/newticket"
| /* end confdefs.h.  */
| 
| int
| main ()
| {
| exit (42);
|   ;
|   return 0;
| }
configure:3340: g++ -c -g -O2  conftest.cc >&5
configure:3346: $? = 0
configure:3350: test -z 
			 || test ! -s conftest.err
configure:3353: $? = 0
configure:3356: test -s conftest.o
configure:3359: $? = 0
configure:3385: g++ -c -g -O2  conftest.cc >&5
configure:3391: $? = 0
configure:3395: test -z 
			 || test ! -s conftest.err
configure:3398: $? = 0
configure:3401: test -s conftest.o
configure:3404: $? = 0
configure:3436: checking whether C++ compiler g++ works
configure:3454: g++ -c -g -O2  conftest.cc >&5
configure:3460: $? = 0
configure:3464: test -z 
			 || test ! -s conftest.err
configure:3467: $? = 0
configure:3470: test -s conftest.o
configure:3473: $? = 0
configure:3475: result: yes
configure:3796: g++ -o conftest -O3 -pipe -DNDEBUG -Wparentheses -Wreturn-type -Wcast-qual -Wall -Wpointer-arith -Wwrite-strings -Wconversion -Wno-unknown-pragmas -Wno-long-long -g -fopenmp    conftest.cc  >&5
configure:3802: $? = 0
configure:3806: test -z 
			 || test ! -s conftest.err
configure:3809: $? = 0
configure:3812: test -s conftest
configure:3815: $? = 0
configure:3882: C++ compiler options are: -O3 -pipe -DNDEBUG -Wparentheses -Wreturn-type -Wcast-qual -Wall -Wpointer-arith -Wwrite-strings -Wconversion -Wno-unknown-pragmas -Wno-long-long -g -fopenmp 
configure:3953: Trying to determine Fortran compiler name
configure:4002: checking for gfortran
configure:4018: found /soft/apps/packages/gcc/gcc-8.2.0/bin/gfortran
configure:4028: result: gfortran
configure:4136: checking for Fortran 77 compiler version
configure:4139: gfortran --version </dev/null >&5
GNU Fortran (GCC) 8.2.1 20180809
Copyright (C) 2018 Free Software Foundation, Inc.
This is free software; see the source for copying conditions.  There is NO
warranty; not even for MERCHANTABILITY or FITNESS FOR A PARTICULAR PURPOSE.

configure:4142: $? = 0
configure:4144: gfortran -v </dev/null >&5
Using built-in specs.
COLLECT_GCC=gfortran
COLLECT_LTO_WRAPPER=/nfs/software/linux-ubuntu_trusty_amd64/apps/packages/gcc/gcc-8.2.0/bin/../libexec/gcc/x86_64-pc-linux-gnu/8.2.1/lto-wrapper
Target: x86_64-pc-linux-gnu
Configured with: ../configure --prefix=/soft/apps/packages/gcc/gcc-8.2.0 --enable-languages=c,c++,fortran --enable-checking=release
Thread model: posix
gcc version 8.2.1 20180809 (GCC) 
configure:4147: $? = 0
configure:4149: gfortran -V </dev/null >&5
gfortran: error: unrecognized command line option '-V'
gfortran: fatal error: no input files
compilation terminated.
configure:4152: $? = 1
configure:4160: checking whether we are using the GNU Fortran 77 compiler
configure:4174: gfortran -c  conftest.F >&5
configure:4180: $? = 0
configure:4184: test -z 
			 || test ! -s conftest.err
configure:4187: $? = 0
configure:4190: test -s conftest.o
configure:4193: $? = 0
configure:4206: result: yes
configure:4212: checking whether gfortran accepts -g
configure:4224: gfortran -c -g conftest.f >&5
configure:4230: $? = 0
configure:4234: test -z 
			 || test ! -s conftest.err
configure:4237: $? = 0
configure:4240: test -s conftest.o
configure:4243: $? = 0
configure:4255: result: yes
configure:4491: gfortran -o conftest -O3 -pipe  -g -fopenmp  conftest.f  >&5
configure:4497: $? = 0
configure:4501: test -z 
			 || test ! -s conftest.err
configure:4504: $? = 0
configure:4507: test -s conftest
configure:4510: $? = 0
configure:4568: Fortran compiler options are: -O3 -pipe  -g -fopenmp
configure:4691: checking for egrep
configure:4701: result: grep -E
configure:4706: checking whether ln -s works
configure:4710: result: yes
configure:4731: checking for a BSD-compatible install
configure:4786: result: /usr/bin/install -c
configure:4797: checking whether build environment is sane
configure:4840: result: yes
configure:4905: checking for gawk
configure:4921: found /usr/bin/gawk
configure:4931: result: gawk
configure:4941: checking whether make sets $(MAKE)
configure:4961: result: yes
configure:4991: checking for style of include used by make
configure:5019: result: GNU
configure:5200: checking dependency style of gcc
configure:5290: result: gcc3
configure:5309: checking dependency style of g++
configure:5399: result: gcc3
configure:5417: checking whether to enable maintainer-specific portions of Makefiles
configure:5426: result: no
configure:5876: checking host system type
configure:5890: result: x86_64-unknown-linux-gnu
configure:5898: checking for a sed that does not truncate output
configure:5952: result: /bin/sed
configure:5966: checking for ld used by gcc
configure:6033: result: /usr/bin/ld
configure:6042: checking if the linker (/usr/bin/ld) is GNU ld
configure:6057: result: yes
configure:6062: checking for /usr/bin/ld option to reload object files
configure:6069: result: -r
configure:6087: checking for BSD-compatible nm
configure:6136: result: /usr/bin/nm -B
configure:6140: checking how to recognise dependent libraries
configure:6316: result: pass_all
configure:6403: gcc -c -O3 -pipe -DNDEBUG -Wimplicit -Wparentheses -Wsequence-point -Wreturn-type -Wcast-qual -Wall -Wno-unknown-pragmas -Wno-long-long -g -fopenmp   conftest.c >&5
configure:6406: $? = 0
configure:6552: checking how to run the C preprocessor
configure:6587: gcc -E  conftest.c
configure:6593: $? = 0
configure:6625: gcc -E  conftest.c
conftest.c:14:10: fatal error: ac_nonexistent.h: No such file or directory
 #include <ac_nonexistent.h>
          ^~~~~~~~~~~~~~~~~~
compilation terminated.
configure:6631: $? = 1
configure: failed program was:
| /* confdefs.h.  */
| 
| #define PACKAGE_NAME "Ipopt"
| #define PACKAGE_TARNAME "ipopt"
| #define PACKAGE_VERSION "trunk"
| #define PACKAGE_STRING "Ipopt trunk"
| #define PACKAGE_BUGREPORT "http://projects.coin-or.org/Ipopt/newticket"
| #ifdef __cplusplus
| extern "C" void std::exit (int) throw (); using std::exit;
| #endif
| #define PACKAGE "ipopt"
| #define VERSION "trunk"
| /* end confdefs.h.  */
| #include <ac_nonexistent.h>
configure:6670: result: gcc -E
configure:6694: gcc -E  conftest.c
configure:6700: $? = 0
configure:6732: gcc -E  conftest.c
conftest.c:14:10: fatal error: ac_nonexistent.h: No such file or directory
 #include <ac_nonexistent.h>
          ^~~~~~~~~~~~~~~~~~
compilation terminated.
configure:6738: $? = 1
configure: failed program was:
| /* confdefs.h.  */
| 
| #define PACKAGE_NAME "Ipopt"
| #define PACKAGE_TARNAME "ipopt"
| #define PACKAGE_VERSION "trunk"
| #define PACKAGE_STRING "Ipopt trunk"
| #define PACKAGE_BUGREPORT "http://projects.coin-or.org/Ipopt/newticket"
| #ifdef __cplusplus
| extern "C" void std::exit (int) throw (); using std::exit;
| #endif
| #define PACKAGE "ipopt"
| #define VERSION "trunk"
| /* end confdefs.h.  */
| #include <ac_nonexistent.h>
configure:6782: checking for ANSI C header files
configure:6807: gcc -c -O3 -pipe -DNDEBUG -Wimplicit -Wparentheses -Wsequence-point -Wreturn-type -Wcast-qual -Wall -Wno-unknown-pragmas -Wno-long-long -g -fopenmp   conftest.c >&5
configure:6813: $? = 0
configure:6817: test -z 
			 || test ! -s conftest.err
configure:6820: $? = 0
configure:6823: test -s conftest.o
configure:6826: $? = 0
configure:6915: gcc -o conftest -O3 -pipe -DNDEBUG -Wimplicit -Wparentheses -Wsequence-point -Wreturn-type -Wcast-qual -Wall -Wno-unknown-pragmas -Wno-long-long -g -fopenmp    conftest.c  >&5
conftest.c: In function 'main':
conftest.c:31:7: warning: implicit declaration of function 'exit' [-Wimplicit-function-declaration]
       exit(2);
       ^~~~
conftest.c:31:7: warning: incompatible implicit declaration of built-in function 'exit'
conftest.c:31:7: note: include '<stdlib.h>' or provide a declaration of 'exit'
conftest.c:15:1:
+#include <stdlib.h>
 #if ((' ' & 0x0FF) == 0x020)
conftest.c:31:7:
       exit(2);
       ^~~~
conftest.c:32:3: warning: incompatible implicit declaration of built-in function 'exit'
   exit (0);
   ^~~~
conftest.c:32:3: note: include '<stdlib.h>' or provide a declaration of 'exit'
configure:6918: $? = 0
configure:6920: ./conftest
configure:6923: $? = 0
configure:6938: result: yes
configure:6962: checking for sys/types.h
configure:6978: gcc -c -O3 -pipe -DNDEBUG -Wimplicit -Wparentheses -Wsequence-point -Wreturn-type -Wcast-qual -Wall -Wno-unknown-pragmas -Wno-long-long -g -fopenmp   conftest.c >&5
configure:6984: $? = 0
configure:6988: test -z 
			 || test ! -s conftest.err
configure:6991: $? = 0
configure:6994: test -s conftest.o
configure:6997: $? = 0
configure:7008: result: yes
configure:6962: checking for sys/stat.h
configure:6978: gcc -c -O3 -pipe -DNDEBUG -Wimplicit -Wparentheses -Wsequence-point -Wreturn-type -Wcast-qual -Wall -Wno-unknown-pragmas -Wno-long-long -g -fopenmp   conftest.c >&5
configure:6984: $? = 0
configure:6988: test -z 
			 || test ! -s conftest.err
configure:6991: $? = 0
configure:6994: test -s conftest.o
configure:6997: $? = 0
configure:7008: result: yes
configure:6962: checking for stdlib.h
configure:6978: gcc -c -O3 -pipe -DNDEBUG -Wimplicit -Wparentheses -Wsequence-point -Wreturn-type -Wcast-qual -Wall -Wno-unknown-pragmas -Wno-long-long -g -fopenmp   conftest.c >&5
configure:6984: $? = 0
configure:6988: test -z 
			 || test ! -s conftest.err
configure:6991: $? = 0
configure:6994: test -s conftest.o
configure:6997: $? = 0
configure:7008: result: yes
configure:6962: checking for string.h
configure:6978: gcc -c -O3 -pipe -DNDEBUG -Wimplicit -Wparentheses -Wsequence-point -Wreturn-type -Wcast-qual -Wall -Wno-unknown-pragmas -Wno-long-long -g -fopenmp   conftest.c >&5
configure:6984: $? = 0
configure:6988: test -z 
			 || test ! -s conftest.err
configure:6991: $? = 0
configure:6994: test -s conftest.o
configure:6997: $? = 0
configure:7008: result: yes
configure:6962: checking for memory.h
configure:6978: gcc -c -O3 -pipe -DNDEBUG -Wimplicit -Wparentheses -Wsequence-point -Wreturn-type -Wcast-qual -Wall -Wno-unknown-pragmas -Wno-long-long -g -fopenmp   conftest.c >&5
configure:6984: $? = 0
configure:6988: test -z 
			 || test ! -s conftest.err
configure:6991: $? = 0
configure:6994: test -s conftest.o
configure:6997: $? = 0
configure:7008: result: yes
configure:6962: checking for strings.h
configure:6978: gcc -c -O3 -pipe -DNDEBUG -Wimplicit -Wparentheses -Wsequence-point -Wreturn-type -Wcast-qual -Wall -Wno-unknown-pragmas -Wno-long-long -g -fopenmp   conftest.c >&5
configure:6984: $? = 0
configure:6988: test -z 
			 || test ! -s conftest.err
configure:6991: $? = 0
configure:6994: test -s conftest.o
configure:6997: $? = 0
configure:7008: result: yes
configure:6962: checking for inttypes.h
configure:6978: gcc -c -O3 -pipe -DNDEBUG -Wimplicit -Wparentheses -Wsequence-point -Wreturn-type -Wcast-qual -Wall -Wno-unknown-pragmas -Wno-long-long -g -fopenmp   conftest.c >&5
configure:6984: $? = 0
configure:6988: test -z 
			 || test ! -s conftest.err
configure:6991: $? = 0
configure:6994: test -s conftest.o
configure:6997: $? = 0
configure:7008: result: yes
configure:6962: checking for stdint.h
configure:6978: gcc -c -O3 -pipe -DNDEBUG -Wimplicit -Wparentheses -Wsequence-point -Wreturn-type -Wcast-qual -Wall -Wno-unknown-pragmas -Wno-long-long -g -fopenmp   conftest.c >&5
configure:6984: $? = 0
configure:6988: test -z 
			 || test ! -s conftest.err
configure:6991: $? = 0
configure:6994: test -s conftest.o
configure:6997: $? = 0
configure:7008: result: yes
configure:6962: checking for unistd.h
configure:6978: gcc -c -O3 -pipe -DNDEBUG -Wimplicit -Wparentheses -Wsequence-point -Wreturn-type -Wcast-qual -Wall -Wno-unknown-pragmas -Wno-long-long -g -fopenmp   conftest.c >&5
configure:6984: $? = 0
configure:6988: test -z 
			 || test ! -s conftest.err
configure:6991: $? = 0
configure:6994: test -s conftest.o
configure:6997: $? = 0
configure:7008: result: yes
configure:7034: checking dlfcn.h usability
configure:7046: gcc -c -O3 -pipe -DNDEBUG -Wimplicit -Wparentheses -Wsequence-point -Wreturn-type -Wcast-qual -Wall -Wno-unknown-pragmas -Wno-long-long -g -fopenmp   conftest.c >&5
configure:7052: $? = 0
configure:7056: test -z 
			 || test ! -s conftest.err
configure:7059: $? = 0
configure:7062: test -s conftest.o
configure:7065: $? = 0
configure:7075: result: yes
configure:7079: checking dlfcn.h presence
configure:7089: gcc -E  conftest.c
configure:7095: $? = 0
configure:7115: result: yes
configure:7150: checking for dlfcn.h
configure:7157: result: yes
configure:7180: checking how to run the C++ preprocessor
configure:7211: g++ -E  conftest.cc
configure:7217: $? = 0
configure:7249: g++ -E  conftest.cc
conftest.cc:25:10: fatal error: ac_nonexistent.h: No such file or directory
 #include <ac_nonexistent.h>
          ^~~~~~~~~~~~~~~~~~
compilation terminated.
configure:7255: $? = 1
configure: failed program was:
| /* confdefs.h.  */
| 
| #define PACKAGE_NAME "Ipopt"
| #define PACKAGE_TARNAME "ipopt"
| #define PACKAGE_VERSION "trunk"
| #define PACKAGE_STRING "Ipopt trunk"
| #define PACKAGE_BUGREPORT "http://projects.coin-or.org/Ipopt/newticket"
| #ifdef __cplusplus
| extern "C" void std::exit (int) throw (); using std::exit;
| #endif
| #define PACKAGE "ipopt"
| #define VERSION "trunk"
| #define STDC_HEADERS 1
| #define HAVE_SYS_TYPES_H 1
| #define HAVE_SYS_STAT_H 1
| #define HAVE_STDLIB_H 1
| #define HAVE_STRING_H 1
| #define HAVE_MEMORY_H 1
| #define HAVE_STRINGS_H 1
| #define HAVE_INTTYPES_H 1
| #define HAVE_STDINT_H 1
| #define HAVE_UNISTD_H 1
| #define HAVE_DLFCN_H 1
| /* end confdefs.h.  */
| #include <ac_nonexistent.h>
configure:7294: result: g++ -E
configure:7318: g++ -E  conftest.cc
configure:7324: $? = 0
configure:7356: g++ -E  conftest.cc
conftest.cc:25:10: fatal error: ac_nonexistent.h: No such file or directory
 #include <ac_nonexistent.h>
          ^~~~~~~~~~~~~~~~~~
compilation terminated.
configure:7362: $? = 1
configure: failed program was:
| /* confdefs.h.  */
| 
| #define PACKAGE_NAME "Ipopt"
| #define PACKAGE_TARNAME "ipopt"
| #define PACKAGE_VERSION "trunk"
| #define PACKAGE_STRING "Ipopt trunk"
| #define PACKAGE_BUGREPORT "http://projects.coin-or.org/Ipopt/newticket"
| #ifdef __cplusplus
| extern "C" void std::exit (int) throw (); using std::exit;
| #endif
| #define PACKAGE "ipopt"
| #define VERSION "trunk"
| #define STDC_HEADERS 1
| #define HAVE_SYS_TYPES_H 1
| #define HAVE_SYS_STAT_H 1
| #define HAVE_STDLIB_H 1
| #define HAVE_STRING_H 1
| #define HAVE_MEMORY_H 1
| #define HAVE_STRINGS_H 1
| #define HAVE_INTTYPES_H 1
| #define HAVE_STDINT_H 1
| #define HAVE_UNISTD_H 1
| #define HAVE_DLFCN_H 1
| /* end confdefs.h.  */
| #include <ac_nonexistent.h>
configure:7411: checking the maximum length of command line arguments
configure:7520: result: 32768
configure:7531: checking command to parse /usr/bin/nm -B output from gcc object
configure:7636: g++ -c -O3 -pipe -DNDEBUG -Wparentheses -Wreturn-type -Wcast-qual -Wall -Wpointer-arith -Wwrite-strings -Wconversion -Wno-unknown-pragmas -Wno-long-long -g -fopenmp   conftest.cc >&5
configure:7639: $? = 0
configure:7643: /usr/bin/nm -B conftest.o \| sed -n -e 's/^.*[ 	]\([ABCDGIRSTW][ABCDGIRSTW]*\)[ 	][ 	]*\([_A-Za-z][_A-Za-z0-9]*\)$/\1 \2 \2/p' \> conftest.nm
configure:7646: $? = 0
configure:7698: g++ -o conftest -O3 -pipe -DNDEBUG -Wparentheses -Wreturn-type -Wcast-qual -Wall -Wpointer-arith -Wwrite-strings -Wconversion -Wno-unknown-pragmas -Wno-long-long -g -fopenmp    conftest.cc conftstm.o >&5
configure:7701: $? = 0
configure:7739: result: ok
configure:7743: checking for objdir
configure:7758: result: .libs
configure:7848: checking for ar
configure:7864: found /usr/bin/ar
configure:7875: result: ar
configure:7928: checking for ranlib
configure:7944: found /usr/bin/ranlib
configure:7955: result: ranlib
configure:8008: checking for strip
configure:8024: found /usr/bin/strip
configure:8035: result: strip
configure:8311: checking if gcc supports -fno-rtti -fno-exceptions
configure:8329: gcc -c -O3 -pipe -DNDEBUG -Wimplicit -Wparentheses -Wsequence-point -Wreturn-type -Wcast-qual -Wall -Wno-unknown-pragmas -Wno-long-long -g -fopenmp   -fno-rtti -fno-exceptions conftest.c >&5
cc1: warning: command line option '-fno-rtti' is valid for C++/ObjC++ but not for C
configure:8333: $? = 0
configure:8346: result: no
configure:8361: checking for gcc option to produce PIC
configure:8571: result: -fPIC
configure:8579: checking if gcc PIC flag -fPIC works
configure:8597: gcc -c -O3 -pipe -DNDEBUG -Wimplicit -Wparentheses -Wsequence-point -Wreturn-type -Wcast-qual -Wall -Wno-unknown-pragmas -Wno-long-long -g -fopenmp   -fPIC -DPIC conftest.c >&5
configure:8601: $? = 0
configure:8614: result: yes
configure:8642: checking if gcc static flag -static works
configure:8670: result: yes
configure:8680: checking if gcc supports -c -o file.o
configure:8701: gcc -c -O3 -pipe -DNDEBUG -Wimplicit -Wparentheses -Wsequence-point -Wreturn-type -Wcast-qual -Wall -Wno-unknown-pragmas -Wno-long-long -g -fopenmp   -o out/conftest2.o conftest.c >&5
configure:8705: $? = 0
configure:8727: result: yes
configure:8753: checking whether the gcc linker (/usr/bin/ld -m elf_x86_64) supports shared libraries
configure:9711: result: yes
configure:9732: checking whether -lc should be explicitly linked in
configure:9737: gcc -c -O3 -pipe -DNDEBUG -Wimplicit -Wparentheses -Wsequence-point -Wreturn-type -Wcast-qual -Wall -Wno-unknown-pragmas -Wno-long-long -g -fopenmp   conftest.c >&5
configure:9740: $? = 0
configure:9755: gcc -shared conftest.o  -v -Wl,-soname -Wl,conftest -o conftest 2\>\&1 \| grep  -lc  \>/dev/null 2\>\&1
configure:9758: $? = 0
configure:9770: result: no
configure:9778: checking dynamic linker characteristics
configure:10366: result: GNU/Linux ld.so
configure:10375: checking how to hardcode library paths into programs
configure:10400: result: immediate
configure:10414: checking whether stripping libraries is possible
configure:10419: result: yes
configure:11253: checking if libtool supports shared libraries
configure:11255: result: yes
configure:11258: checking whether to build shared libraries
configure:11279: result: yes
configure:11282: checking whether to build static libraries
configure:11286: result: no
configure:11378: creating libtool
configure:11966: checking for ld used by g++
configure:12033: result: /usr/bin/ld -m elf_x86_64
configure:12042: checking if the linker (/usr/bin/ld -m elf_x86_64) is GNU ld
configure:12057: result: yes
configure:12108: checking whether the g++ linker (/usr/bin/ld -m elf_x86_64) supports shared libraries
configure:13046: result: yes
configure:13068: g++ -c -O3 -pipe -DNDEBUG -Wparentheses -Wreturn-type -Wcast-qual -Wall -Wpointer-arith -Wwrite-strings -Wconversion -Wno-unknown-pragmas -Wno-long-long -g -fopenmp   conftest.cpp >&5
configure:13071: $? = 0
configure:13190: checking for g++ option to produce PIC
configure:13464: result: -fPIC
configure:13472: checking if g++ PIC flag -fPIC works
configure:13490: g++ -c -O3 -pipe -DNDEBUG -Wparentheses -Wreturn-type -Wcast-qual -Wall -Wpointer-arith -Wwrite-strings -Wconversion -Wno-unknown-pragmas -Wno-long-long -g -fopenmp   -fPIC -DPIC conftest.cpp >&5
configure:13494: $? = 0
configure:13507: result: yes
configure:13535: checking if g++ static flag -static works
configure:13563: result: yes
configure:13573: checking if g++ supports -c -o file.o
configure:13594: g++ -c -O3 -pipe -DNDEBUG -Wparentheses -Wreturn-type -Wcast-qual -Wall -Wpointer-arith -Wwrite-strings -Wconversion -Wno-unknown-pragmas -Wno-long-long -g -fopenmp   -o out/conftest2.o conftest.cpp >&5
configure:13598: $? = 0
configure:13620: result: yes
configure:13646: checking whether the g++ linker (/usr/bin/ld -m elf_x86_64) supports shared libraries
configure:13671: result: yes
configure:13738: checking dynamic linker characteristics
configure:14326: result: GNU/Linux ld.so
configure:14335: checking how to hardcode library paths into programs
configure:14360: result: immediate
configure:14886: checking if libtool supports shared libraries
configure:14888: result: yes
configure:14891: checking whether to build shared libraries
configure:14911: result: yes
configure:14914: checking whether to build static libraries
configure:14918: result: no
configure:14928: checking for gfortran option to produce PIC
configure:15138: result: -fPIC
configure:15146: checking if gfortran PIC flag -fPIC works
configure:15164: gfortran -c -O3 -pipe  -g -fopenmp -fPIC conftest.f >&5
configure:15168: $? = 0
configure:15181: result: yes
configure:15209: checking if gfortran static flag -static works
configure:15237: result: yes
configure:15247: checking if gfortran supports -c -o file.o
configure:15268: gfortran -c -O3 -pipe  -g -fopenmp -o out/conftest2.o conftest.f >&5
configure:15272: $? = 0
configure:15294: result: yes
configure:15320: checking whether the gfortran linker (/usr/bin/ld -m elf_x86_64) supports shared libraries
configure:16258: result: yes
configure:16325: checking dynamic linker characteristics
configure:16913: result: GNU/Linux ld.so
configure:16922: checking how to hardcode library paths into programs
configure:16947: result: immediate
configure:20533: Build is "x86_64-unknown-linux-gnu".
configure:20786: checking if library version is set
configure:20793: result: no
configure:20809: checking whether source of project ASL is available and should be compiled
configure:20918: result: yes, source in ThirdParty/ASL
configure:20933: checking whether source of project Metis is available and should be compiled
configure:21042: result: no, source file ../ThirdParty/Metis/metis-4.0/Lib/balance.c not available
configure:21058: checking whether source of project Blas is available and should be compiled
configure:21183: result: yes, source in ThirdParty/Blas
configure:21198: checking whether source of project Lapack is available and should be compiled
configure:21323: result: yes, source in ThirdParty/Lapack
configure:21338: checking whether source of project HSL is available and should be compiled
configure:21447: result: yes, source in ThirdParty/HSL
configure:21462: checking whether source of project Mumps is available and should be compiled
configure:21571: result: yes, source in ThirdParty/Mumps
configure:21592: checking whether source of project Ipopt is available and should be compiled
configure:21689: result: yes, source in Ipopt
configure:21718: checking which command should be used to link input files
configure:21726: result: ln -s
configure:21958: creating ./config.status

## ---------------------- ##
## Running config.status. ##
## ---------------------- ##

This file was extended by Ipopt config.status trunk, which was
generated by GNU Autoconf 2.59.  Invocation command line was

  CONFIG_FILES    = 
  CONFIG_HEADERS  = 
  CONFIG_LINKS    = 
  CONFIG_COMMANDS = 
  $ ./config.status 

on moonshot

config.status:751: creating Makefile
config.status:927: executing depfiles commands
configure:23107: configuring in ThirdParty/ASL
configure:23224: running /bin/sh '../../../ThirdParty/ASL/configure' --prefix=/homes/junyi/pardisoIpopt/build  'ADD_FFLAGS=-g -fopenmp' 'ADD_CFLAGS=-g -fopenmp' 'ADD_CXXFLAGS=-g -fopenmp' '--with-pardiso=-L/homes/junyi/Pardiso/ -lpardiso600-GNU720-X86-64 -lgomp' --cache-file=/dev/null --srcdir=../../../ThirdParty/ASL
configure:23107: configuring in ThirdParty/Blas
configure:23224: running /bin/sh '../../../ThirdParty/Blas/configure' --prefix=/homes/junyi/pardisoIpopt/build  'ADD_FFLAGS=-g -fopenmp' 'ADD_CFLAGS=-g -fopenmp' 'ADD_CXXFLAGS=-g -fopenmp' '--with-pardiso=-L/homes/junyi/Pardiso/ -lpardiso600-GNU720-X86-64 -lgomp' --cache-file=/dev/null --srcdir=../../../ThirdParty/Blas
configure:23107: configuring in ThirdParty/Lapack
configure:23224: running /bin/sh '../../../ThirdParty/Lapack/configure' --prefix=/homes/junyi/pardisoIpopt/build  'ADD_FFLAGS=-g -fopenmp' 'ADD_CFLAGS=-g -fopenmp' 'ADD_CXXFLAGS=-g -fopenmp' '--with-pardiso=-L/homes/junyi/Pardiso/ -lpardiso600-GNU720-X86-64 -lgomp' --cache-file=/dev/null --srcdir=../../../ThirdParty/Lapack
configure:23107: configuring in ThirdParty/HSL
configure:23224: running /bin/sh '../../../ThirdParty/HSL/configure' --prefix=/homes/junyi/pardisoIpopt/build  'ADD_FFLAGS=-g -fopenmp' 'ADD_CFLAGS=-g -fopenmp' 'ADD_CXXFLAGS=-g -fopenmp' '--with-pardiso=-L/homes/junyi/Pardiso/ -lpardiso600-GNU720-X86-64 -lgomp' --cache-file=/dev/null --srcdir=../../../ThirdParty/HSL
configure:23107: configuring in ThirdParty/Mumps
configure:23224: running /bin/sh '../../../ThirdParty/Mumps/configure' --prefix=/homes/junyi/pardisoIpopt/build  'ADD_FFLAGS=-g -fopenmp' 'ADD_CFLAGS=-g -fopenmp' 'ADD_CXXFLAGS=-g -fopenmp' '--with-pardiso=-L/homes/junyi/Pardiso/ -lpardiso600-GNU720-X86-64 -lgomp' --cache-file=/dev/null --srcdir=../../../ThirdParty/Mumps
configure:23107: configuring in Ipopt
configure:23224: running /bin/sh '../../Ipopt/configure' --prefix=/homes/junyi/pardisoIpopt/build  'ADD_FFLAGS=-g -fopenmp' 'ADD_CFLAGS=-g -fopenmp' 'ADD_CXXFLAGS=-g -fopenmp' '--with-pardiso=-L/homes/junyi/Pardiso/ -lpardiso600-GNU720-X86-64 -lgomp' --cache-file=/dev/null --srcdir=../../Ipopt
configure:23293: In case of trouble, first consult the troubleshooting page at https://projects.coin-or.org/BuildTools/wiki/user-troubleshooting
configure:23299: Main configuration of Ipopt successful

## ---------------- ##
## Cache variables. ##
## ---------------- ##

ac_cv_build=x86_64-unknown-linux-gnu
ac_cv_build_alias=x86_64-unknown-linux-gnu
ac_cv_c_compiler_gnu=yes
ac_cv_cxx_compiler_gnu=yes
ac_cv_env_ADD_CFLAGS_set=set
ac_cv_env_ADD_CFLAGS_value='-g -fopenmp'
ac_cv_env_ADD_CXXFLAGS_set=set
ac_cv_env_ADD_CXXFLAGS_value='-g -fopenmp'
ac_cv_env_ADD_FFLAGS_set=set
ac_cv_env_ADD_FFLAGS_value='-g -fopenmp'
ac_cv_env_CC_set=
ac_cv_env_CC_value=
ac_cv_env_CDEFS_set=
ac_cv_env_CDEFS_value=
ac_cv_env_CFLAGS_set=
ac_cv_env_CFLAGS_value=
ac_cv_env_COIN_SKIP_PROJECTS_set=
ac_cv_env_COIN_SKIP_PROJECTS_value=
ac_cv_env_CPPFLAGS_set=
ac_cv_env_CPPFLAGS_value=
ac_cv_env_CPP_set=
ac_cv_env_CPP_value=
ac_cv_env_CXXCPP_set=
ac_cv_env_CXXCPP_value=
ac_cv_env_CXXDEFS_set=
ac_cv_env_CXXDEFS_value=
ac_cv_env_CXXFLAGS_set=
ac_cv_env_CXXFLAGS_value=
ac_cv_env_CXX_set=
ac_cv_env_CXX_value=
ac_cv_env_DBG_CFLAGS_set=
ac_cv_env_DBG_CFLAGS_value=
ac_cv_env_DBG_CXXFLAGS_set=
ac_cv_env_DBG_CXXFLAGS_value=
ac_cv_env_DBG_FFLAGS_set=
ac_cv_env_DBG_FFLAGS_value=
ac_cv_env_F77_set=
ac_cv_env_F77_value=
ac_cv_env_FFLAGS_set=
ac_cv_env_FFLAGS_value=
ac_cv_env_LDFLAGS_set=
ac_cv_env_LDFLAGS_value=
ac_cv_env_MPICC_set=
ac_cv_env_MPICC_value=
ac_cv_env_MPICXX_set=
ac_cv_env_MPICXX_value=
ac_cv_env_MPIF77_set=
ac_cv_env_MPIF77_value=
ac_cv_env_OPT_CFLAGS_set=
ac_cv_env_OPT_CFLAGS_value=
ac_cv_env_OPT_CXXFLAGS_set=
ac_cv_env_OPT_CXXFLAGS_value=
ac_cv_env_OPT_FFLAGS_set=
ac_cv_env_OPT_FFLAGS_value=
ac_cv_env_build_alias_set=
ac_cv_env_build_alias_value=
ac_cv_env_host_alias_set=
ac_cv_env_host_alias_value=
ac_cv_env_target_alias_set=
ac_cv_env_target_alias_value=
ac_cv_exeext=
ac_cv_f77_compiler_gnu=yes
ac_cv_header_dlfcn_h=yes
ac_cv_header_inttypes_h=yes
ac_cv_header_memory_h=yes
ac_cv_header_stdc=yes
ac_cv_header_stdint_h=yes
ac_cv_header_stdlib_h=yes
ac_cv_header_string_h=yes
ac_cv_header_strings_h=yes
ac_cv_header_sys_stat_h=yes
ac_cv_header_sys_types_h=yes
ac_cv_header_unistd_h=yes
ac_cv_host=x86_64-unknown-linux-gnu
ac_cv_host_alias=x86_64-unknown-linux-gnu
ac_cv_objext=o
ac_cv_path_install='/usr/bin/install -c'
ac_cv_prog_AWK=gawk
ac_cv_prog_CPP='gcc -E'
ac_cv_prog_CXXCPP='g++ -E'
ac_cv_prog_ac_ct_AR=ar
ac_cv_prog_ac_ct_CC=gcc
ac_cv_prog_ac_ct_CXX=g++
ac_cv_prog_ac_ct_F77=gfortran
ac_cv_prog_ac_ct_RANLIB=ranlib
ac_cv_prog_ac_ct_STRIP=strip
ac_cv_prog_cc_g=yes
ac_cv_prog_cc_stdc=
ac_cv_prog_cxx_g=yes
ac_cv_prog_egrep='grep -E'
ac_cv_prog_f77_g=yes
ac_cv_prog_make_make_set=yes
am_cv_CC_dependencies_compiler_type=gcc3
am_cv_CXX_dependencies_compiler_type=gcc3
lt_cv_deplibs_check_method=pass_all
lt_cv_file_magic_cmd='$MAGIC_CMD'
lt_cv_file_magic_test_file=
lt_cv_ld_reload_flag=-r
lt_cv_objdir=.libs
lt_cv_path_LD=/usr/bin/ld
lt_cv_path_LDCXX='/usr/bin/ld -m elf_x86_64'
lt_cv_path_NM='/usr/bin/nm -B'
lt_cv_path_SED=/bin/sed
lt_cv_prog_compiler_c_o=yes
lt_cv_prog_compiler_c_o_CXX=yes
lt_cv_prog_compiler_c_o_F77=yes
lt_cv_prog_compiler_rtti_exceptions=no
lt_cv_prog_gnu_ld=yes
lt_cv_prog_gnu_ldcxx=yes
lt_cv_sys_global_symbol_pipe='sed -n -e '\''s/^.*[ 	]\([ABCDGIRSTW][ABCDGIRSTW]*\)[ 	][ 	]*\([_A-Za-z][_A-Za-z0-9]*\)$/\1 \2 \2/p'\'''
lt_cv_sys_global_symbol_to_c_name_address='sed -n -e '\''s/^: \([^ ]*\) $/  {\"\1\", (lt_ptr) 0},/p'\'' -e '\''s/^[BCDEGRST] \([^ ]*\) \([^ ]*\)$/  {"\2", (lt_ptr) \&\2},/p'\'''
lt_cv_sys_global_symbol_to_cdecl='sed -n -e '\''s/^. .* \(.*\)$/extern int \1;/p'\'''
lt_cv_sys_max_cmd_len=32768
lt_lt_cv_prog_compiler_c_o='"yes"'
lt_lt_cv_prog_compiler_c_o_CXX='"yes"'
lt_lt_cv_prog_compiler_c_o_F77='"yes"'
lt_lt_cv_sys_global_symbol_pipe='"sed -n -e '\''s/^.*[ 	]\\([ABCDGIRSTW][ABCDGIRSTW]*\\)[ 	][ 	]*\\([_A-Za-z][_A-Za-z0-9]*\\)\$/\\1 \\2 \\2/p'\''"'
lt_lt_cv_sys_global_symbol_to_c_name_address='"sed -n -e '\''s/^: \\([^ ]*\\) \$/  {\\\"\\1\\\", (lt_ptr) 0},/p'\'' -e '\''s/^[BCDEGRST] \\([^ ]*\\) \\([^ ]*\\)\$/  {\"\\2\", (lt_ptr) \\&\\2},/p'\''"'
lt_lt_cv_sys_global_symbol_to_cdecl='"sed -n -e '\''s/^. .* \\(.*\\)\$/extern int \\1;/p'\''"'

## ----------------- ##
## Output variables. ##
## ----------------- ##

ABSBUILDDIR=''
ACLOCAL='${SHELL} /homes/junyi/pardisoIpopt/missing --run aclocal-1.9'
ADD_CFLAGS='-g -fopenmp'
ADD_CXXFLAGS='-g -fopenmp'
ADD_FFLAGS='-g -fopenmp'
AMDEPBACKSLASH='\'
AMDEP_FALSE='#'
AMDEP_TRUE=''
AMTAR='${SHELL} /homes/junyi/pardisoIpopt/missing --run tar'
AR='ar'
AUTOCONF='${SHELL} /homes/junyi/pardisoIpopt/missing --run autoconf'
AUTOHEADER='${SHELL} /homes/junyi/pardisoIpopt/missing --run autoheader'
AUTOMAKE='${SHELL} /homes/junyi/pardisoIpopt/missing --run automake-1.9'
AUX_DIR=''
AWK='gawk'
BUILDTOOLSDIR=''
CC='gcc'
CCDEPMODE='depmode=gcc3'
CDEFS=''
CFLAGS='-O3 -pipe -DNDEBUG -Wimplicit -Wparentheses -Wsequence-point -Wreturn-type -Wcast-qual -Wall -Wno-unknown-pragmas -Wno-long-long -g -fopenmp '
COIN_CC_IS_CL_FALSE=''
COIN_CC_IS_CL_TRUE='#'
COIN_CXX_IS_CL_FALSE=''
COIN_CXX_IS_CL_TRUE='#'
COIN_SKIP_PROJECTS=''
CPP='gcc -E'
CPPFLAGS=''
CXX='g++'
CXXCPP='g++ -E'
CXXDEFS=''
CXXDEPMODE='depmode=gcc3'
CXXFLAGS='-O3 -pipe -DNDEBUG -Wparentheses -Wreturn-type -Wcast-qual -Wall -Wpointer-arith -Wwrite-strings -Wconversion -Wno-unknown-pragmas -Wno-long-long -g -fopenmp '
CYGPATH_W='echo'
DBG_CFLAGS='-g -O0 -pipe -Wimplicit -Wparentheses -Wsequence-point -Wreturn-type -Wcast-qual -Wall -Wno-unknown-pragmas -Wno-long-long -g -fopenmp '
DBG_CXXFLAGS='-g -O0 -pipe -Wparentheses -Wreturn-type -Wcast-qual -Wall -Wpointer-arith -Wwrite-strings -Wconversion -Wno-unknown-pragmas -Wno-long-long -g -fopenmp '
DBG_FFLAGS='-g -O0 -pipe  -g -fopenmp'
DEFS='-DPACKAGE_NAME=\"Ipopt\" -DPACKAGE_TARNAME=\"ipopt\" -DPACKAGE_VERSION=\"trunk\" -DPACKAGE_STRING=\"Ipopt\ trunk\" -DPACKAGE_BUGREPORT=\"http://projects.coin-or.org/Ipopt/newticket\" -DPACKAGE=\"ipopt\" -DVERSION=\"trunk\" -DSTDC_HEADERS=1 -DHAVE_SYS_TYPES_H=1 -DHAVE_SYS_STAT_H=1 -DHAVE_STDLIB_H=1 -DHAVE_STRING_H=1 -DHAVE_MEMORY_H=1 -DHAVE_STRINGS_H=1 -DHAVE_INTTYPES_H=1 -DHAVE_STDINT_H=1 -DHAVE_UNISTD_H=1 -DHAVE_DLFCN_H=1 '
DEPDIR='.deps'
DEPENDENCY_LINKING_FALSE='#'
DEPENDENCY_LINKING_TRUE=''
ECHO='echo'
ECHO_C=''
ECHO_N='-n'
ECHO_T=''
EGREP='grep -E'
EXEEXT=''
F77='gfortran'
FFLAGS='-O3 -pipe  -g -fopenmp'
HAVE_EXTERNALS_FALSE=''
HAVE_EXTERNALS_TRUE='#'
INSTALL_DATA='${INSTALL} -m 644'
INSTALL_PROGRAM='${INSTALL}'
INSTALL_SCRIPT='${INSTALL}'
INSTALL_STRIP_PROGRAM='${SHELL} $(install_sh) -c -s'
LDFLAGS=''
LIBEXT='a'
LIBOBJS=''
LIBS=''
LIBTOOL='$(SHELL) $(top_builddir)/libtool'
LIBTOOLM4=''
LN_S='ln -s'
LTLIBOBJS=''
LT_LDFLAGS='-no-undefined'
MAINT='#'
MAINTAINER_MODE_FALSE=''
MAINTAINER_MODE_TRUE='#'
MAKEINFO='${SHELL} /homes/junyi/pardisoIpopt/missing --run makeinfo'
MPICC=''
MPICXX=''
MPIF77=''
OBJEXT='o'
OPT_CFLAGS='-O3 -pipe -DNDEBUG -Wimplicit -Wparentheses -Wsequence-point -Wreturn-type -Wcast-qual -Wall -Wno-unknown-pragmas -Wno-long-long -g -fopenmp '
OPT_CXXFLAGS='-O3 -pipe -DNDEBUG -Wparentheses -Wreturn-type -Wcast-qual -Wall -Wpointer-arith -Wwrite-strings -Wconversion -Wno-unknown-pragmas -Wno-long-long -g -fopenmp '
OPT_FFLAGS='-O3 -pipe  -g -fopenmp'
PACKAGE='ipopt'
PACKAGE_BUGREPORT='http://projects.coin-or.org/Ipopt/newticket'
PACKAGE_NAME='Ipopt'
PACKAGE_STRING='Ipopt trunk'
PACKAGE_TARNAME='ipopt'
PACKAGE_VERSION='trunk'
PATH_SEPARATOR=':'
RANLIB='ranlib'
RPATH_FLAGS=' -Wl,--rpath -Wl,/homes/junyi/pardisoIpopt/build/lib'
SET_MAKE=''
SHELL='/bin/sh'
STRIP='strip'
VERSION='trunk'
VPATH_DISTCLEANFILES=''
abs_bin_dir='/homes/junyi/pardisoIpopt/build/bin'
abs_include_dir='/homes/junyi/pardisoIpopt/build/include'
abs_lib_dir='/homes/junyi/pardisoIpopt/build/lib'
abs_source_dir='/homes/junyi/pardisoIpopt'
ac_c_preproc_warn_flag=''
ac_ct_AR='ar'
ac_ct_CC='gcc'
ac_ct_CXX='g++'
ac_ct_F77='gfortran'
ac_ct_RANLIB='ranlib'
ac_ct_STRIP='strip'
ac_cxx_preproc_warn_flag=''
am__fastdepCC_FALSE='#'
am__fastdepCC_TRUE=''
am__fastdepCXX_FALSE='#'
am__fastdepCXX_TRUE=''
am__include='include'
am__leading_dot='.'
am__quote=''
am__tar='${AMTAR} chof - "$$tardir"'
am__untar='${AMTAR} xf -'
bindir='${exec_prefix}/bin'
build='x86_64-unknown-linux-gnu'
build_alias=''
build_cpu='x86_64'
build_os='linux-gnu'
build_vendor='unknown'
datadir='${prefix}/share'
exec_prefix='${prefix}'
have_autoconf=''
have_automake=''
have_svn=''
host='x86_64-unknown-linux-gnu'
host_alias=''
host_cpu='x86_64'
host_os='linux-gnu'
host_vendor='unknown'
includedir='${prefix}/include'
infodir='${prefix}/info'
install_sh='/homes/junyi/pardisoIpopt/install-sh'
libdir='${exec_prefix}/lib'
libexecdir='${exec_prefix}/libexec'
localstatedir='${prefix}/var'
mandir='${prefix}/man'
mkdir_p='mkdir -p --'
oldincludedir='/usr/include'
prefix='/homes/junyi/pardisoIpopt/build'
program_transform_name='s,x,x,'
sbindir='${exec_prefix}/sbin'
sharedstatedir='${prefix}/com'
sol_cc_compiler=''
subdirs=' ThirdParty/ASL ThirdParty/Blas ThirdParty/Lapack ThirdParty/HSL ThirdParty/Mumps Ipopt'
sysconfdir='${prefix}/etc'
target_alias=''

## ----------- ##
## confdefs.h. ##
## ----------- ##

#define HAVE_DLFCN_H 1
#define HAVE_INTTYPES_H 1
#define HAVE_MEMORY_H 1
#define HAVE_STDINT_H 1
#define HAVE_STDLIB_H 1
#define HAVE_STRINGS_H 1
#define HAVE_STRING_H 1
#define HAVE_SYS_STAT_H 1
#define HAVE_SYS_TYPES_H 1
#define HAVE_UNISTD_H 1
#define PACKAGE "ipopt"
#define PACKAGE_BUGREPORT "http://projects.coin-or.org/Ipopt/newticket"
#define PACKAGE_NAME "Ipopt"
#define PACKAGE_STRING "Ipopt trunk"
#define PACKAGE_TARNAME "ipopt"
#define PACKAGE_VERSION "trunk"
#define STDC_HEADERS 1
#define VERSION "trunk"
#endif
#ifdef __cplusplus
extern "C" void std::exit (int) throw (); using std::exit;

configure: exit 0
